<?xml version="1.0" encoding="UTF-8"?>
<testsuite xmlns:xsi="http://www.w3.org/2001/XMLSchema-instance" xsi:noNamespaceSchemaLocation="https://maven.apache.org/surefire/maven-surefire-plugin/xsd/surefire-test-report-3.0.xsd" version="3.0" name="TestSuite" time="16.96" tests="7" errors="0" skipped="0" failures="0">
  <properties>
    <property name="java.specification.version" value="21"/>
    <property name="sun.cpu.isalist" value="amd64"/>
    <property name="sun.jnu.encoding" value="Cp1252"/>
    <property name="sun.awt.enableExtraMouseButtons" value="true"/>
    <property name="java.class.path" value="D:\iqra\automation\tasks\automation exercise\automationExercise\target\test-classes;D:\iqra\automation\tasks\automation exercise\automationExercise\target\classes;C:\Users\moaaz\.m2\repository\org\apache\poi\poi-ooxml\5.4.0\poi-ooxml-5.4.0.jar;C:\Users\moaaz\.m2\repository\org\apache\poi\poi\5.4.0\poi-5.4.0.jar;C:\Users\moaaz\.m2\repository\commons-codec\commons-codec\1.17.1\commons-codec-1.17.1.jar;C:\Users\moaaz\.m2\repository\org\apache\commons\commons-math3\3.6.1\commons-math3-3.6.1.jar;C:\Users\moaaz\.m2\repository\com\zaxxer\SparseBitSet\1.3\SparseBitSet-1.3.jar;C:\Users\moaaz\.m2\repository\org\apache\poi\poi-ooxml-lite\5.4.0\poi-ooxml-lite-5.4.0.jar;C:\Users\moaaz\.m2\repository\org\apache\xmlbeans\xmlbeans\5.3.0\xmlbeans-5.3.0.jar;C:\Users\moaaz\.m2\repository\org\apache\commons\commons-compress\1.27.1\commons-compress-1.27.1.jar;C:\Users\moaaz\.m2\repository\commons-io\commons-io\2.18.0\commons-io-2.18.0.jar;C:\Users\moaaz\.m2\repository\com\github\virtuald\curvesapi\1.08\curvesapi-1.08.jar;C:\Users\moaaz\.m2\repository\org\apache\logging\log4j\log4j-api\2.24.3\log4j-api-2.24.3.jar;C:\Users\moaaz\.m2\repository\org\apache\commons\commons-collections4\4.4\commons-collections4-4.4.jar;C:\Users\moaaz\.m2\repository\org\seleniumhq\selenium\selenium-java\4.27.0\selenium-java-4.27.0.jar;C:\Users\moaaz\.m2\repository\org\seleniumhq\selenium\selenium-api\4.27.0\selenium-api-4.27.0.jar;C:\Users\moaaz\.m2\repository\org\jspecify\jspecify\1.0.0\jspecify-1.0.0.jar;C:\Users\moaaz\.m2\repository\org\seleniumhq\selenium\selenium-chrome-driver\4.27.0\selenium-chrome-driver-4.27.0.jar;C:\Users\moaaz\.m2\repository\com\google\auto\service\auto-service-annotations\1.1.1\auto-service-annotations-1.1.1.jar;C:\Users\moaaz\.m2\repository\org\seleniumhq\selenium\selenium-chromium-driver\4.27.0\selenium-chromium-driver-4.27.0.jar;C:\Users\moaaz\.m2\repository\org\seleniumhq\selenium\selenium-json\4.27.0\selenium-json-4.27.0.jar;C:\Users\moaaz\.m2\repository\org\seleniumhq\selenium\selenium-manager\4.27.0\selenium-manager-4.27.0.jar;C:\Users\moaaz\.m2\repository\org\seleniumhq\selenium\selenium-devtools-v129\4.27.0\selenium-devtools-v129-4.27.0.jar;C:\Users\moaaz\.m2\repository\org\seleniumhq\selenium\selenium-devtools-v130\4.27.0\selenium-devtools-v130-4.27.0.jar;C:\Users\moaaz\.m2\repository\org\seleniumhq\selenium\selenium-devtools-v131\4.27.0\selenium-devtools-v131-4.27.0.jar;C:\Users\moaaz\.m2\repository\org\seleniumhq\selenium\selenium-devtools-v85\4.27.0\selenium-devtools-v85-4.27.0.jar;C:\Users\moaaz\.m2\repository\org\seleniumhq\selenium\selenium-edge-driver\4.27.0\selenium-edge-driver-4.27.0.jar;C:\Users\moaaz\.m2\repository\org\seleniumhq\selenium\selenium-firefox-driver\4.27.0\selenium-firefox-driver-4.27.0.jar;C:\Users\moaaz\.m2\repository\org\seleniumhq\selenium\selenium-http\4.27.0\selenium-http-4.27.0.jar;C:\Users\moaaz\.m2\repository\dev\failsafe\failsafe\3.3.2\failsafe-3.3.2.jar;C:\Users\moaaz\.m2\repository\org\seleniumhq\selenium\selenium-ie-driver\4.27.0\selenium-ie-driver-4.27.0.jar;C:\Users\moaaz\.m2\repository\org\seleniumhq\selenium\selenium-remote-driver\4.27.0\selenium-remote-driver-4.27.0.jar;C:\Users\moaaz\.m2\repository\com\google\guava\guava\33.3.1-jre\guava-33.3.1-jre.jar;C:\Users\moaaz\.m2\repository\com\google\guava\failureaccess\1.0.2\failureaccess-1.0.2.jar;C:\Users\moaaz\.m2\repository\com\google\guava\listenablefuture\9999.0-empty-to-avoid-conflict-with-guava\listenablefuture-9999.0-empty-to-avoid-conflict-with-guava.jar;C:\Users\moaaz\.m2\repository\com\google\code\findbugs\jsr305\3.0.2\jsr305-3.0.2.jar;C:\Users\moaaz\.m2\repository\org\checkerframework\checker-qual\3.43.0\checker-qual-3.43.0.jar;C:\Users\moaaz\.m2\repository\com\google\errorprone\error_prone_annotations\2.28.0\error_prone_annotations-2.28.0.jar;C:\Users\moaaz\.m2\repository\com\google\j2objc\j2objc-annotations\3.0.0\j2objc-annotations-3.0.0.jar;C:\Users\moaaz\.m2\repository\io\opentelemetry\semconv\opentelemetry-semconv\1.25.0-alpha\opentelemetry-semconv-1.25.0-alpha.jar;C:\Users\moaaz\.m2\repository\io\opentelemetry\opentelemetry-api\1.44.1\opentelemetry-api-1.44.1.jar;C:\Users\moaaz\.m2\repository\io\opentelemetry\opentelemetry-context\1.44.1\opentelemetry-context-1.44.1.jar;C:\Users\moaaz\.m2\repository\io\opentelemetry\opentelemetry-exporter-logging\1.44.1\opentelemetry-exporter-logging-1.44.1.jar;C:\Users\moaaz\.m2\repository\io\opentelemetry\opentelemetry-sdk-common\1.44.1\opentelemetry-sdk-common-1.44.1.jar;C:\Users\moaaz\.m2\repository\io\opentelemetry\opentelemetry-sdk-extension-autoconfigure-spi\1.44.1\opentelemetry-sdk-extension-autoconfigure-spi-1.44.1.jar;C:\Users\moaaz\.m2\repository\io\opentelemetry\opentelemetry-sdk-extension-autoconfigure\1.44.1\opentelemetry-sdk-extension-autoconfigure-1.44.1.jar;C:\Users\moaaz\.m2\repository\io\opentelemetry\opentelemetry-api-incubator\1.44.1-alpha\opentelemetry-api-incubator-1.44.1-alpha.jar;C:\Users\moaaz\.m2\repository\io\opentelemetry\opentelemetry-sdk-trace\1.44.1\opentelemetry-sdk-trace-1.44.1.jar;C:\Users\moaaz\.m2\repository\io\opentelemetry\opentelemetry-sdk\1.44.1\opentelemetry-sdk-1.44.1.jar;C:\Users\moaaz\.m2\repository\io\opentelemetry\opentelemetry-sdk-metrics\1.44.1\opentelemetry-sdk-metrics-1.44.1.jar;C:\Users\moaaz\.m2\repository\io\opentelemetry\opentelemetry-sdk-logs\1.44.1\opentelemetry-sdk-logs-1.44.1.jar;C:\Users\moaaz\.m2\repository\net\bytebuddy\byte-buddy\1.15.10\byte-buddy-1.15.10.jar;C:\Users\moaaz\.m2\repository\org\seleniumhq\selenium\selenium-os\4.27.0\selenium-os-4.27.0.jar;C:\Users\moaaz\.m2\repository\org\apache\commons\commons-exec\1.4.0\commons-exec-1.4.0.jar;C:\Users\moaaz\.m2\repository\org\seleniumhq\selenium\selenium-safari-driver\4.27.0\selenium-safari-driver-4.27.0.jar;C:\Users\moaaz\.m2\repository\org\seleniumhq\selenium\selenium-support\4.27.0\selenium-support-4.27.0.jar;C:\Users\moaaz\.m2\repository\org\testng\testng\7.10.2\testng-7.10.2.jar;C:\Users\moaaz\.m2\repository\com\beust\jcommander\1.82\jcommander-1.82.jar;C:\Users\moaaz\.m2\repository\org\webjars\jquery\3.7.1\jquery-3.7.1.jar;C:\Users\moaaz\.m2\repository\com\github\javafaker\javafaker\1.0.2\javafaker-1.0.2.jar;C:\Users\moaaz\.m2\repository\org\apache\commons\commons-lang3\3.5\commons-lang3-3.5.jar;C:\Users\moaaz\.m2\repository\org\yaml\snakeyaml\1.23\snakeyaml-1.23-android.jar;C:\Users\moaaz\.m2\repository\com\github\mifmif\generex\1.0.2\generex-1.0.2.jar;C:\Users\moaaz\.m2\repository\dk\brics\automaton\automaton\1.11-8\automaton-1.11-8.jar;C:\Users\moaaz\.m2\repository\com\googlecode\json-simple\json-simple\1.1.1\json-simple-1.1.1.jar;C:\Users\moaaz\.m2\repository\junit\junit\4.10\junit-4.10.jar;C:\Users\moaaz\.m2\repository\org\hamcrest\hamcrest-core\1.1\hamcrest-core-1.1.jar;C:\Users\moaaz\.m2\repository\io\qameta\allure\allure-testng\2.29.0\allure-testng-2.29.0.jar;C:\Users\moaaz\.m2\repository\io\qameta\allure\allure-java-commons\2.29.0\allure-java-commons-2.29.0.jar;C:\Users\moaaz\.m2\repository\io\qameta\allure\allure-model\2.29.0\allure-model-2.29.0.jar;C:\Users\moaaz\.m2\repository\io\qameta\allure\allure-test-filter\2.29.0\allure-test-filter-2.29.0.jar;C:\Users\moaaz\.m2\repository\com\github\stephenc\monte\monte-screen-recorder\0.7.7.0\monte-screen-recorder-0.7.7.0.jar;C:\Users\moaaz\.m2\repository\com\aventstack\extentreports\5.0.9\extentreports-5.0.9.jar;C:\Users\moaaz\.m2\repository\io\reactivex\rxjava3\rxjava\3.0.4\rxjava-3.0.4.jar;C:\Users\moaaz\.m2\repository\org\reactivestreams\reactive-streams\1.0.3\reactive-streams-1.0.3.jar;C:\Users\moaaz\.m2\repository\org\freemarker\freemarker\2.3.30\freemarker-2.3.30.jar;C:\Users\moaaz\.m2\repository\org\projectlombok\lombok\1.18.12\lombok-1.18.12.jar;C:\Users\moaaz\.m2\repository\com\google\code\gson\gson\2.8.6\gson-2.8.6.jar;C:\Users\moaaz\.m2\repository\com\relevantcodes\extentreports\2.41.2\extentreports-2.41.2.jar;C:\Users\moaaz\.m2\repository\org\jsoup\jsoup\1.8.3\jsoup-1.8.3.jar;C:\Users\moaaz\.m2\repository\org\xerial\sqlite-jdbc\3.8.11.1\sqlite-jdbc-3.8.11.1.jar;C:\Users\moaaz\.m2\repository\org\mongodb\mongodb-driver\3.0.4\mongodb-driver-3.0.4.jar;C:\Users\moaaz\.m2\repository\org\mongodb\bson\3.0.4\bson-3.0.4.jar;C:\Users\moaaz\.m2\repository\org\mongodb\mongodb-driver-core\3.0.4\mongodb-driver-core-3.0.4.jar;C:\Users\moaaz\.m2\repository\com\aventstack\chaintest-testng\1.0.1\chaintest-testng-1.0.1.jar;C:\Users\moaaz\.m2\repository\com\aventstack\chaintest-core\1.0.1\chaintest-core-1.0.1.jar;C:\Users\moaaz\.m2\repository\com\fasterxml\jackson\core\jackson-databind\2.18.0\jackson-databind-2.18.0.jar;C:\Users\moaaz\.m2\repository\com\fasterxml\jackson\core\jackson-annotations\2.18.0\jackson-annotations-2.18.0.jar;C:\Users\moaaz\.m2\repository\com\fasterxml\jackson\core\jackson-core\2.18.0\jackson-core-2.18.0.jar;C:\Users\moaaz\.m2\repository\org\yaml\snakeyaml\2.3\snakeyaml-2.3.jar;C:\Users\moaaz\.m2\repository\com\azure\azure-storage-blob\12.28.0\azure-storage-blob-12.28.0.jar;C:\Users\moaaz\.m2\repository\com\azure\azure-core\1.52.0\azure-core-1.52.0.jar;C:\Users\moaaz\.m2\repository\com\fasterxml\jackson\datatype\jackson-datatype-jsr310\2.17.2\jackson-datatype-jsr310-2.17.2.jar;C:\Users\moaaz\.m2\repository\io\projectreactor\reactor-core\3.4.38\reactor-core-3.4.38.jar;C:\Users\moaaz\.m2\repository\com\azure\azure-core-http-netty\1.15.4\azure-core-http-netty-1.15.4.jar;C:\Users\moaaz\.m2\repository\io\netty\netty-handler\4.1.110.Final\netty-handler-4.1.110.Final.jar;C:\Users\moaaz\.m2\repository\io\netty\netty-handler-proxy\4.1.110.Final\netty-handler-proxy-4.1.110.Final.jar;C:\Users\moaaz\.m2\repository\io\netty\netty-codec-socks\4.1.110.Final\netty-codec-socks-4.1.110.Final.jar;C:\Users\moaaz\.m2\repository\io\netty\netty-buffer\4.1.110.Final\netty-buffer-4.1.110.Final.jar;C:\Users\moaaz\.m2\repository\io\netty\netty-codec\4.1.110.Final\netty-codec-4.1.110.Final.jar;C:\Users\moaaz\.m2\repository\io\netty\netty-codec-http\4.1.110.Final\netty-codec-http-4.1.110.Final.jar;C:\Users\moaaz\.m2\repository\io\netty\netty-codec-http2\4.1.110.Final\netty-codec-http2-4.1.110.Final.jar;C:\Users\moaaz\.m2\repository\io\netty\netty-transport-native-unix-common\4.1.110.Final\netty-transport-native-unix-common-4.1.110.Final.jar;C:\Users\moaaz\.m2\repository\io\netty\netty-transport-native-epoll\4.1.110.Final\netty-transport-native-epoll-4.1.110.Final-linux-x86_64.jar;C:\Users\moaaz\.m2\repository\io\netty\netty-transport-native-kqueue\4.1.110.Final\netty-transport-native-kqueue-4.1.110.Final-osx-x86_64.jar;C:\Users\moaaz\.m2\repository\io\netty\netty-transport-classes-kqueue\4.1.110.Final\netty-transport-classes-kqueue-4.1.110.Final.jar;C:\Users\moaaz\.m2\repository\io\netty\netty-tcnative-boringssl-static\2.0.65.Final\netty-tcnative-boringssl-static-2.0.65.Final.jar;C:\Users\moaaz\.m2\repository\io\netty\netty-tcnative-classes\2.0.65.Final\netty-tcnative-classes-2.0.65.Final.jar;C:\Users\moaaz\.m2\repository\io\netty\netty-tcnative-boringssl-static\2.0.65.Final\netty-tcnative-boringssl-static-2.0.65.Final-linux-x86_64.jar;C:\Users\moaaz\.m2\repository\io\netty\netty-tcnative-boringssl-static\2.0.65.Final\netty-tcnative-boringssl-static-2.0.65.Final-linux-aarch_64.jar;C:\Users\moaaz\.m2\repository\io\netty\netty-tcnative-boringssl-static\2.0.65.Final\netty-tcnative-boringssl-static-2.0.65.Final-osx-x86_64.jar;C:\Users\moaaz\.m2\repository\io\netty\netty-tcnative-boringssl-static\2.0.65.Final\netty-tcnative-boringssl-static-2.0.65.Final-osx-aarch_64.jar;C:\Users\moaaz\.m2\repository\io\netty\netty-tcnative-boringssl-static\2.0.65.Final\netty-tcnative-boringssl-static-2.0.65.Final-windows-x86_64.jar;C:\Users\moaaz\.m2\repository\io\projectreactor\netty\reactor-netty-http\1.0.45\reactor-netty-http-1.0.45.jar;C:\Users\moaaz\.m2\repository\io\netty\netty-resolver-dns\4.1.109.Final\netty-resolver-dns-4.1.109.Final.jar;C:\Users\moaaz\.m2\repository\io\netty\netty-codec-dns\4.1.109.Final\netty-codec-dns-4.1.109.Final.jar;C:\Users\moaaz\.m2\repository\io\netty\netty-resolver-dns-native-macos\4.1.109.Final\netty-resolver-dns-native-macos-4.1.109.Final-osx-x86_64.jar;C:\Users\moaaz\.m2\repository\io\netty\netty-resolver-dns-classes-macos\4.1.109.Final\netty-resolver-dns-classes-macos-4.1.109.Final.jar;C:\Users\moaaz\.m2\repository\io\projectreactor\netty\reactor-netty-core\1.0.45\reactor-netty-core-1.0.45.jar;C:\Users\moaaz\.m2\repository\io\netty\netty-common\4.1.110.Final\netty-common-4.1.110.Final.jar;C:\Users\moaaz\.m2\repository\com\azure\azure-storage-internal-avro\12.13.0\azure-storage-internal-avro-12.13.0.jar;C:\Users\moaaz\.m2\repository\com\azure\azure-xml\1.1.0\azure-xml-1.1.0.jar;C:\Users\moaaz\.m2\repository\com\azure\azure-storage-common\12.28.0\azure-storage-common-12.28.0.jar;C:\Users\moaaz\.m2\repository\com\azure\azure-identity\1.13.3\azure-identity-1.13.3.jar;C:\Users\moaaz\.m2\repository\com\azure\azure-json\1.3.0\azure-json-1.3.0.jar;C:\Users\moaaz\.m2\repository\com\microsoft\azure\msal4j\1.17.1\msal4j-1.17.1.jar;C:\Users\moaaz\.m2\repository\com\nimbusds\oauth2-oidc-sdk\11.18\oauth2-oidc-sdk-11.18.jar;C:\Users\moaaz\.m2\repository\com\github\stephenc\jcip\jcip-annotations\1.0-1\jcip-annotations-1.0-1.jar;C:\Users\moaaz\.m2\repository\com\nimbusds\content-type\2.3\content-type-2.3.jar;C:\Users\moaaz\.m2\repository\com\nimbusds\lang-tag\1.7\lang-tag-1.7.jar;C:\Users\moaaz\.m2\repository\com\nimbusds\nimbus-jose-jwt\9.40\nimbus-jose-jwt-9.40.jar;C:\Users\moaaz\.m2\repository\net\minidev\json-smart\2.5.0\json-smart-2.5.0.jar;C:\Users\moaaz\.m2\repository\net\minidev\accessors-smart\2.5.0\accessors-smart-2.5.0.jar;C:\Users\moaaz\.m2\repository\org\ow2\asm\asm\9.3\asm-9.3.jar;C:\Users\moaaz\.m2\repository\com\microsoft\azure\msal4j-persistence-extension\1.3.0\msal4j-persistence-extension-1.3.0.jar;C:\Users\moaaz\.m2\repository\net\java\dev\jna\jna\5.13.0\jna-5.13.0.jar;C:\Users\moaaz\.m2\repository\net\java\dev\jna\jna-platform\5.6.0\jna-platform-5.6.0.jar;C:\Users\moaaz\.m2\repository\software\amazon\awssdk\s3\2.29.39\s3-2.29.39.jar;C:\Users\moaaz\.m2\repository\software\amazon\awssdk\aws-xml-protocol\2.29.39\aws-xml-protocol-2.29.39.jar;C:\Users\moaaz\.m2\repository\software\amazon\awssdk\aws-query-protocol\2.29.39\aws-query-protocol-2.29.39.jar;C:\Users\moaaz\.m2\repository\software\amazon\awssdk\protocol-core\2.29.39\protocol-core-2.29.39.jar;C:\Users\moaaz\.m2\repository\software\amazon\awssdk\arns\2.29.39\arns-2.29.39.jar;C:\Users\moaaz\.m2\repository\software\amazon\awssdk\profiles\2.29.39\profiles-2.29.39.jar;C:\Users\moaaz\.m2\repository\software\amazon\awssdk\crt-core\2.29.39\crt-core-2.29.39.jar;C:\Users\moaaz\.m2\repository\software\amazon\awssdk\http-auth\2.29.39\http-auth-2.29.39.jar;C:\Users\moaaz\.m2\repository\software\amazon\awssdk\identity-spi\2.29.39\identity-spi-2.29.39.jar;C:\Users\moaaz\.m2\repository\software\amazon\awssdk\http-auth-spi\2.29.39\http-auth-spi-2.29.39.jar;C:\Users\moaaz\.m2\repository\software\amazon\awssdk\http-auth-aws\2.29.39\http-auth-aws-2.29.39.jar;C:\Users\moaaz\.m2\repository\software\amazon\awssdk\checksums\2.29.39\checksums-2.29.39.jar;C:\Users\moaaz\.m2\repository\software\amazon\awssdk\checksums-spi\2.29.39\checksums-spi-2.29.39.jar;C:\Users\moaaz\.m2\repository\software\amazon\awssdk\retries-spi\2.29.39\retries-spi-2.29.39.jar;C:\Users\moaaz\.m2\repository\software\amazon\awssdk\sdk-core\2.29.39\sdk-core-2.29.39.jar;C:\Users\moaaz\.m2\repository\software\amazon\awssdk\retries\2.29.39\retries-2.29.39.jar;C:\Users\moaaz\.m2\repository\software\amazon\awssdk\auth\2.29.39\auth-2.29.39.jar;C:\Users\moaaz\.m2\repository\software\amazon\awssdk\http-auth-aws-eventstream\2.29.39\http-auth-aws-eventstream-2.29.39.jar;C:\Users\moaaz\.m2\repository\software\amazon\eventstream\eventstream\1.0.1\eventstream-1.0.1.jar;C:\Users\moaaz\.m2\repository\software\amazon\awssdk\http-client-spi\2.29.39\http-client-spi-2.29.39.jar;C:\Users\moaaz\.m2\repository\software\amazon\awssdk\regions\2.29.39\regions-2.29.39.jar;C:\Users\moaaz\.m2\repository\software\amazon\awssdk\annotations\2.29.39\annotations-2.29.39.jar;C:\Users\moaaz\.m2\repository\software\amazon\awssdk\utils\2.29.39\utils-2.29.39.jar;C:\Users\moaaz\.m2\repository\software\amazon\awssdk\aws-core\2.29.39\aws-core-2.29.39.jar;C:\Users\moaaz\.m2\repository\software\amazon\awssdk\metrics-spi\2.29.39\metrics-spi-2.29.39.jar;C:\Users\moaaz\.m2\repository\software\amazon\awssdk\json-utils\2.29.39\json-utils-2.29.39.jar;C:\Users\moaaz\.m2\repository\software\amazon\awssdk\third-party-jackson-core\2.29.39\third-party-jackson-core-2.29.39.jar;C:\Users\moaaz\.m2\repository\software\amazon\awssdk\endpoints-spi\2.29.39\endpoints-spi-2.29.39.jar;C:\Users\moaaz\.m2\repository\software\amazon\awssdk\netty-nio-client\2.29.39\netty-nio-client-2.29.39.jar;C:\Users\moaaz\.m2\repository\io\netty\netty-transport\4.1.115.Final\netty-transport-4.1.115.Final.jar;C:\Users\moaaz\.m2\repository\io\netty\netty-transport-classes-epoll\4.1.115.Final\netty-transport-classes-epoll-4.1.115.Final.jar;C:\Users\moaaz\.m2\repository\io\netty\netty-resolver\4.1.115.Final\netty-resolver-4.1.115.Final.jar;C:\Users\moaaz\.m2\repository\software\amazon\awssdk\apache-client\2.29.39\apache-client-2.29.39.jar;C:\Users\moaaz\.m2\repository\org\apache\httpcomponents\httpclient\4.5.13\httpclient-4.5.13.jar;C:\Users\moaaz\.m2\repository\commons-logging\commons-logging\1.2\commons-logging-1.2.jar;C:\Users\moaaz\.m2\repository\org\apache\httpcomponents\httpcore\4.4.16\httpcore-4.4.16.jar;C:\Users\moaaz\.m2\repository\org\slf4j\slf4j-api\2.0.5\slf4j-api-2.0.5.jar;C:\Users\moaaz\.m2\repository\org\slf4j\slf4j-reload4j\2.0.5\slf4j-reload4j-2.0.5.jar;C:\Users\moaaz\.m2\repository\ch\qos\reload4j\reload4j\1.2.22\reload4j-1.2.22.jar;"/>
    <property name="java.vm.vendor" value="Oracle Corporation"/>
    <property name="sun.arch.data.model" value="64"/>
    <property name="user.variant" value=""/>
    <property name="java.vendor.url" value="https://java.oracle.com/"/>
    <property name="user.timezone" value="Africa/Cairo"/>
    <property name="os.name" value="Windows 11"/>
    <property name="java.vm.specification.version" value="21"/>
    <property name="sun.java.launcher" value="SUN_STANDARD"/>
    <property name="user.country" value="US"/>
    <property name="sun.boot.library.path" value="C:\Program Files\Java\jdk-21\bin"/>
    <property name="sun.java.command" value="C:\Users\moaaz\AppData\Local\Temp\surefire3810803121035906277\surefirebooter9095717181770661148.jar C:\Users\moaaz\AppData\Local\Temp\surefire3810803121035906277 2025-05-25T15-50-31_318-jvmRun1 surefire15296456880014819234tmp surefire_06842788433293855935tmp"/>
    <property name="jdk.debug" value="release"/>
    <property name="surefire.test.class.path" value="D:\iqra\automation\tasks\automation exercise\automationExercise\target\test-classes;D:\iqra\automation\tasks\automation exercise\automationExercise\target\classes;C:\Users\moaaz\.m2\repository\org\apache\poi\poi-ooxml\5.4.0\poi-ooxml-5.4.0.jar;C:\Users\moaaz\.m2\repository\org\apache\poi\poi\5.4.0\poi-5.4.0.jar;C:\Users\moaaz\.m2\repository\commons-codec\commons-codec\1.17.1\commons-codec-1.17.1.jar;C:\Users\moaaz\.m2\repository\org\apache\commons\commons-math3\3.6.1\commons-math3-3.6.1.jar;C:\Users\moaaz\.m2\repository\com\zaxxer\SparseBitSet\1.3\SparseBitSet-1.3.jar;C:\Users\moaaz\.m2\repository\org\apache\poi\poi-ooxml-lite\5.4.0\poi-ooxml-lite-5.4.0.jar;C:\Users\moaaz\.m2\repository\org\apache\xmlbeans\xmlbeans\5.3.0\xmlbeans-5.3.0.jar;C:\Users\moaaz\.m2\repository\org\apache\commons\commons-compress\1.27.1\commons-compress-1.27.1.jar;C:\Users\moaaz\.m2\repository\commons-io\commons-io\2.18.0\commons-io-2.18.0.jar;C:\Users\moaaz\.m2\repository\com\github\virtuald\curvesapi\1.08\curvesapi-1.08.jar;C:\Users\moaaz\.m2\repository\org\apache\logging\log4j\log4j-api\2.24.3\log4j-api-2.24.3.jar;C:\Users\moaaz\.m2\repository\org\apache\commons\commons-collections4\4.4\commons-collections4-4.4.jar;C:\Users\moaaz\.m2\repository\org\seleniumhq\selenium\selenium-java\4.27.0\selenium-java-4.27.0.jar;C:\Users\moaaz\.m2\repository\org\seleniumhq\selenium\selenium-api\4.27.0\selenium-api-4.27.0.jar;C:\Users\moaaz\.m2\repository\org\jspecify\jspecify\1.0.0\jspecify-1.0.0.jar;C:\Users\moaaz\.m2\repository\org\seleniumhq\selenium\selenium-chrome-driver\4.27.0\selenium-chrome-driver-4.27.0.jar;C:\Users\moaaz\.m2\repository\com\google\auto\service\auto-service-annotations\1.1.1\auto-service-annotations-1.1.1.jar;C:\Users\moaaz\.m2\repository\org\seleniumhq\selenium\selenium-chromium-driver\4.27.0\selenium-chromium-driver-4.27.0.jar;C:\Users\moaaz\.m2\repository\org\seleniumhq\selenium\selenium-json\4.27.0\selenium-json-4.27.0.jar;C:\Users\moaaz\.m2\repository\org\seleniumhq\selenium\selenium-manager\4.27.0\selenium-manager-4.27.0.jar;C:\Users\moaaz\.m2\repository\org\seleniumhq\selenium\selenium-devtools-v129\4.27.0\selenium-devtools-v129-4.27.0.jar;C:\Users\moaaz\.m2\repository\org\seleniumhq\selenium\selenium-devtools-v130\4.27.0\selenium-devtools-v130-4.27.0.jar;C:\Users\moaaz\.m2\repository\org\seleniumhq\selenium\selenium-devtools-v131\4.27.0\selenium-devtools-v131-4.27.0.jar;C:\Users\moaaz\.m2\repository\org\seleniumhq\selenium\selenium-devtools-v85\4.27.0\selenium-devtools-v85-4.27.0.jar;C:\Users\moaaz\.m2\repository\org\seleniumhq\selenium\selenium-edge-driver\4.27.0\selenium-edge-driver-4.27.0.jar;C:\Users\moaaz\.m2\repository\org\seleniumhq\selenium\selenium-firefox-driver\4.27.0\selenium-firefox-driver-4.27.0.jar;C:\Users\moaaz\.m2\repository\org\seleniumhq\selenium\selenium-http\4.27.0\selenium-http-4.27.0.jar;C:\Users\moaaz\.m2\repository\dev\failsafe\failsafe\3.3.2\failsafe-3.3.2.jar;C:\Users\moaaz\.m2\repository\org\seleniumhq\selenium\selenium-ie-driver\4.27.0\selenium-ie-driver-4.27.0.jar;C:\Users\moaaz\.m2\repository\org\seleniumhq\selenium\selenium-remote-driver\4.27.0\selenium-remote-driver-4.27.0.jar;C:\Users\moaaz\.m2\repository\com\google\guava\guava\33.3.1-jre\guava-33.3.1-jre.jar;C:\Users\moaaz\.m2\repository\com\google\guava\failureaccess\1.0.2\failureaccess-1.0.2.jar;C:\Users\moaaz\.m2\repository\com\google\guava\listenablefuture\9999.0-empty-to-avoid-conflict-with-guava\listenablefuture-9999.0-empty-to-avoid-conflict-with-guava.jar;C:\Users\moaaz\.m2\repository\com\google\code\findbugs\jsr305\3.0.2\jsr305-3.0.2.jar;C:\Users\moaaz\.m2\repository\org\checkerframework\checker-qual\3.43.0\checker-qual-3.43.0.jar;C:\Users\moaaz\.m2\repository\com\google\errorprone\error_prone_annotations\2.28.0\error_prone_annotations-2.28.0.jar;C:\Users\moaaz\.m2\repository\com\google\j2objc\j2objc-annotations\3.0.0\j2objc-annotations-3.0.0.jar;C:\Users\moaaz\.m2\repository\io\opentelemetry\semconv\opentelemetry-semconv\1.25.0-alpha\opentelemetry-semconv-1.25.0-alpha.jar;C:\Users\moaaz\.m2\repository\io\opentelemetry\opentelemetry-api\1.44.1\opentelemetry-api-1.44.1.jar;C:\Users\moaaz\.m2\repository\io\opentelemetry\opentelemetry-context\1.44.1\opentelemetry-context-1.44.1.jar;C:\Users\moaaz\.m2\repository\io\opentelemetry\opentelemetry-exporter-logging\1.44.1\opentelemetry-exporter-logging-1.44.1.jar;C:\Users\moaaz\.m2\repository\io\opentelemetry\opentelemetry-sdk-common\1.44.1\opentelemetry-sdk-common-1.44.1.jar;C:\Users\moaaz\.m2\repository\io\opentelemetry\opentelemetry-sdk-extension-autoconfigure-spi\1.44.1\opentelemetry-sdk-extension-autoconfigure-spi-1.44.1.jar;C:\Users\moaaz\.m2\repository\io\opentelemetry\opentelemetry-sdk-extension-autoconfigure\1.44.1\opentelemetry-sdk-extension-autoconfigure-1.44.1.jar;C:\Users\moaaz\.m2\repository\io\opentelemetry\opentelemetry-api-incubator\1.44.1-alpha\opentelemetry-api-incubator-1.44.1-alpha.jar;C:\Users\moaaz\.m2\repository\io\opentelemetry\opentelemetry-sdk-trace\1.44.1\opentelemetry-sdk-trace-1.44.1.jar;C:\Users\moaaz\.m2\repository\io\opentelemetry\opentelemetry-sdk\1.44.1\opentelemetry-sdk-1.44.1.jar;C:\Users\moaaz\.m2\repository\io\opentelemetry\opentelemetry-sdk-metrics\1.44.1\opentelemetry-sdk-metrics-1.44.1.jar;C:\Users\moaaz\.m2\repository\io\opentelemetry\opentelemetry-sdk-logs\1.44.1\opentelemetry-sdk-logs-1.44.1.jar;C:\Users\moaaz\.m2\repository\net\bytebuddy\byte-buddy\1.15.10\byte-buddy-1.15.10.jar;C:\Users\moaaz\.m2\repository\org\seleniumhq\selenium\selenium-os\4.27.0\selenium-os-4.27.0.jar;C:\Users\moaaz\.m2\repository\org\apache\commons\commons-exec\1.4.0\commons-exec-1.4.0.jar;C:\Users\moaaz\.m2\repository\org\seleniumhq\selenium\selenium-safari-driver\4.27.0\selenium-safari-driver-4.27.0.jar;C:\Users\moaaz\.m2\repository\org\seleniumhq\selenium\selenium-support\4.27.0\selenium-support-4.27.0.jar;C:\Users\moaaz\.m2\repository\org\testng\testng\7.10.2\testng-7.10.2.jar;C:\Users\moaaz\.m2\repository\com\beust\jcommander\1.82\jcommander-1.82.jar;C:\Users\moaaz\.m2\repository\org\webjars\jquery\3.7.1\jquery-3.7.1.jar;C:\Users\moaaz\.m2\repository\com\github\javafaker\javafaker\1.0.2\javafaker-1.0.2.jar;C:\Users\moaaz\.m2\repository\org\apache\commons\commons-lang3\3.5\commons-lang3-3.5.jar;C:\Users\moaaz\.m2\repository\org\yaml\snakeyaml\1.23\snakeyaml-1.23-android.jar;C:\Users\moaaz\.m2\repository\com\github\mifmif\generex\1.0.2\generex-1.0.2.jar;C:\Users\moaaz\.m2\repository\dk\brics\automaton\automaton\1.11-8\automaton-1.11-8.jar;C:\Users\moaaz\.m2\repository\com\googlecode\json-simple\json-simple\1.1.1\json-simple-1.1.1.jar;C:\Users\moaaz\.m2\repository\junit\junit\4.10\junit-4.10.jar;C:\Users\moaaz\.m2\repository\org\hamcrest\hamcrest-core\1.1\hamcrest-core-1.1.jar;C:\Users\moaaz\.m2\repository\io\qameta\allure\allure-testng\2.29.0\allure-testng-2.29.0.jar;C:\Users\moaaz\.m2\repository\io\qameta\allure\allure-java-commons\2.29.0\allure-java-commons-2.29.0.jar;C:\Users\moaaz\.m2\repository\io\qameta\allure\allure-model\2.29.0\allure-model-2.29.0.jar;C:\Users\moaaz\.m2\repository\io\qameta\allure\allure-test-filter\2.29.0\allure-test-filter-2.29.0.jar;C:\Users\moaaz\.m2\repository\com\github\stephenc\monte\monte-screen-recorder\0.7.7.0\monte-screen-recorder-0.7.7.0.jar;C:\Users\moaaz\.m2\repository\com\aventstack\extentreports\5.0.9\extentreports-5.0.9.jar;C:\Users\moaaz\.m2\repository\io\reactivex\rxjava3\rxjava\3.0.4\rxjava-3.0.4.jar;C:\Users\moaaz\.m2\repository\org\reactivestreams\reactive-streams\1.0.3\reactive-streams-1.0.3.jar;C:\Users\moaaz\.m2\repository\org\freemarker\freemarker\2.3.30\freemarker-2.3.30.jar;C:\Users\moaaz\.m2\repository\org\projectlombok\lombok\1.18.12\lombok-1.18.12.jar;C:\Users\moaaz\.m2\repository\com\google\code\gson\gson\2.8.6\gson-2.8.6.jar;C:\Users\moaaz\.m2\repository\com\relevantcodes\extentreports\2.41.2\extentreports-2.41.2.jar;C:\Users\moaaz\.m2\repository\org\jsoup\jsoup\1.8.3\jsoup-1.8.3.jar;C:\Users\moaaz\.m2\repository\org\xerial\sqlite-jdbc\3.8.11.1\sqlite-jdbc-3.8.11.1.jar;C:\Users\moaaz\.m2\repository\org\mongodb\mongodb-driver\3.0.4\mongodb-driver-3.0.4.jar;C:\Users\moaaz\.m2\repository\org\mongodb\bson\3.0.4\bson-3.0.4.jar;C:\Users\moaaz\.m2\repository\org\mongodb\mongodb-driver-core\3.0.4\mongodb-driver-core-3.0.4.jar;C:\Users\moaaz\.m2\repository\com\aventstack\chaintest-testng\1.0.1\chaintest-testng-1.0.1.jar;C:\Users\moaaz\.m2\repository\com\aventstack\chaintest-core\1.0.1\chaintest-core-1.0.1.jar;C:\Users\moaaz\.m2\repository\com\fasterxml\jackson\core\jackson-databind\2.18.0\jackson-databind-2.18.0.jar;C:\Users\moaaz\.m2\repository\com\fasterxml\jackson\core\jackson-annotations\2.18.0\jackson-annotations-2.18.0.jar;C:\Users\moaaz\.m2\repository\com\fasterxml\jackson\core\jackson-core\2.18.0\jackson-core-2.18.0.jar;C:\Users\moaaz\.m2\repository\org\yaml\snakeyaml\2.3\snakeyaml-2.3.jar;C:\Users\moaaz\.m2\repository\com\azure\azure-storage-blob\12.28.0\azure-storage-blob-12.28.0.jar;C:\Users\moaaz\.m2\repository\com\azure\azure-core\1.52.0\azure-core-1.52.0.jar;C:\Users\moaaz\.m2\repository\com\fasterxml\jackson\datatype\jackson-datatype-jsr310\2.17.2\jackson-datatype-jsr310-2.17.2.jar;C:\Users\moaaz\.m2\repository\io\projectreactor\reactor-core\3.4.38\reactor-core-3.4.38.jar;C:\Users\moaaz\.m2\repository\com\azure\azure-core-http-netty\1.15.4\azure-core-http-netty-1.15.4.jar;C:\Users\moaaz\.m2\repository\io\netty\netty-handler\4.1.110.Final\netty-handler-4.1.110.Final.jar;C:\Users\moaaz\.m2\repository\io\netty\netty-handler-proxy\4.1.110.Final\netty-handler-proxy-4.1.110.Final.jar;C:\Users\moaaz\.m2\repository\io\netty\netty-codec-socks\4.1.110.Final\netty-codec-socks-4.1.110.Final.jar;C:\Users\moaaz\.m2\repository\io\netty\netty-buffer\4.1.110.Final\netty-buffer-4.1.110.Final.jar;C:\Users\moaaz\.m2\repository\io\netty\netty-codec\4.1.110.Final\netty-codec-4.1.110.Final.jar;C:\Users\moaaz\.m2\repository\io\netty\netty-codec-http\4.1.110.Final\netty-codec-http-4.1.110.Final.jar;C:\Users\moaaz\.m2\repository\io\netty\netty-codec-http2\4.1.110.Final\netty-codec-http2-4.1.110.Final.jar;C:\Users\moaaz\.m2\repository\io\netty\netty-transport-native-unix-common\4.1.110.Final\netty-transport-native-unix-common-4.1.110.Final.jar;C:\Users\moaaz\.m2\repository\io\netty\netty-transport-native-epoll\4.1.110.Final\netty-transport-native-epoll-4.1.110.Final-linux-x86_64.jar;C:\Users\moaaz\.m2\repository\io\netty\netty-transport-native-kqueue\4.1.110.Final\netty-transport-native-kqueue-4.1.110.Final-osx-x86_64.jar;C:\Users\moaaz\.m2\repository\io\netty\netty-transport-classes-kqueue\4.1.110.Final\netty-transport-classes-kqueue-4.1.110.Final.jar;C:\Users\moaaz\.m2\repository\io\netty\netty-tcnative-boringssl-static\2.0.65.Final\netty-tcnative-boringssl-static-2.0.65.Final.jar;C:\Users\moaaz\.m2\repository\io\netty\netty-tcnative-classes\2.0.65.Final\netty-tcnative-classes-2.0.65.Final.jar;C:\Users\moaaz\.m2\repository\io\netty\netty-tcnative-boringssl-static\2.0.65.Final\netty-tcnative-boringssl-static-2.0.65.Final-linux-x86_64.jar;C:\Users\moaaz\.m2\repository\io\netty\netty-tcnative-boringssl-static\2.0.65.Final\netty-tcnative-boringssl-static-2.0.65.Final-linux-aarch_64.jar;C:\Users\moaaz\.m2\repository\io\netty\netty-tcnative-boringssl-static\2.0.65.Final\netty-tcnative-boringssl-static-2.0.65.Final-osx-x86_64.jar;C:\Users\moaaz\.m2\repository\io\netty\netty-tcnative-boringssl-static\2.0.65.Final\netty-tcnative-boringssl-static-2.0.65.Final-osx-aarch_64.jar;C:\Users\moaaz\.m2\repository\io\netty\netty-tcnative-boringssl-static\2.0.65.Final\netty-tcnative-boringssl-static-2.0.65.Final-windows-x86_64.jar;C:\Users\moaaz\.m2\repository\io\projectreactor\netty\reactor-netty-http\1.0.45\reactor-netty-http-1.0.45.jar;C:\Users\moaaz\.m2\repository\io\netty\netty-resolver-dns\4.1.109.Final\netty-resolver-dns-4.1.109.Final.jar;C:\Users\moaaz\.m2\repository\io\netty\netty-codec-dns\4.1.109.Final\netty-codec-dns-4.1.109.Final.jar;C:\Users\moaaz\.m2\repository\io\netty\netty-resolver-dns-native-macos\4.1.109.Final\netty-resolver-dns-native-macos-4.1.109.Final-osx-x86_64.jar;C:\Users\moaaz\.m2\repository\io\netty\netty-resolver-dns-classes-macos\4.1.109.Final\netty-resolver-dns-classes-macos-4.1.109.Final.jar;C:\Users\moaaz\.m2\repository\io\projectreactor\netty\reactor-netty-core\1.0.45\reactor-netty-core-1.0.45.jar;C:\Users\moaaz\.m2\repository\io\netty\netty-common\4.1.110.Final\netty-common-4.1.110.Final.jar;C:\Users\moaaz\.m2\repository\com\azure\azure-storage-internal-avro\12.13.0\azure-storage-internal-avro-12.13.0.jar;C:\Users\moaaz\.m2\repository\com\azure\azure-xml\1.1.0\azure-xml-1.1.0.jar;C:\Users\moaaz\.m2\repository\com\azure\azure-storage-common\12.28.0\azure-storage-common-12.28.0.jar;C:\Users\moaaz\.m2\repository\com\azure\azure-identity\1.13.3\azure-identity-1.13.3.jar;C:\Users\moaaz\.m2\repository\com\azure\azure-json\1.3.0\azure-json-1.3.0.jar;C:\Users\moaaz\.m2\repository\com\microsoft\azure\msal4j\1.17.1\msal4j-1.17.1.jar;C:\Users\moaaz\.m2\repository\com\nimbusds\oauth2-oidc-sdk\11.18\oauth2-oidc-sdk-11.18.jar;C:\Users\moaaz\.m2\repository\com\github\stephenc\jcip\jcip-annotations\1.0-1\jcip-annotations-1.0-1.jar;C:\Users\moaaz\.m2\repository\com\nimbusds\content-type\2.3\content-type-2.3.jar;C:\Users\moaaz\.m2\repository\com\nimbusds\lang-tag\1.7\lang-tag-1.7.jar;C:\Users\moaaz\.m2\repository\com\nimbusds\nimbus-jose-jwt\9.40\nimbus-jose-jwt-9.40.jar;C:\Users\moaaz\.m2\repository\net\minidev\json-smart\2.5.0\json-smart-2.5.0.jar;C:\Users\moaaz\.m2\repository\net\minidev\accessors-smart\2.5.0\accessors-smart-2.5.0.jar;C:\Users\moaaz\.m2\repository\org\ow2\asm\asm\9.3\asm-9.3.jar;C:\Users\moaaz\.m2\repository\com\microsoft\azure\msal4j-persistence-extension\1.3.0\msal4j-persistence-extension-1.3.0.jar;C:\Users\moaaz\.m2\repository\net\java\dev\jna\jna\5.13.0\jna-5.13.0.jar;C:\Users\moaaz\.m2\repository\net\java\dev\jna\jna-platform\5.6.0\jna-platform-5.6.0.jar;C:\Users\moaaz\.m2\repository\software\amazon\awssdk\s3\2.29.39\s3-2.29.39.jar;C:\Users\moaaz\.m2\repository\software\amazon\awssdk\aws-xml-protocol\2.29.39\aws-xml-protocol-2.29.39.jar;C:\Users\moaaz\.m2\repository\software\amazon\awssdk\aws-query-protocol\2.29.39\aws-query-protocol-2.29.39.jar;C:\Users\moaaz\.m2\repository\software\amazon\awssdk\protocol-core\2.29.39\protocol-core-2.29.39.jar;C:\Users\moaaz\.m2\repository\software\amazon\awssdk\arns\2.29.39\arns-2.29.39.jar;C:\Users\moaaz\.m2\repository\software\amazon\awssdk\profiles\2.29.39\profiles-2.29.39.jar;C:\Users\moaaz\.m2\repository\software\amazon\awssdk\crt-core\2.29.39\crt-core-2.29.39.jar;C:\Users\moaaz\.m2\repository\software\amazon\awssdk\http-auth\2.29.39\http-auth-2.29.39.jar;C:\Users\moaaz\.m2\repository\software\amazon\awssdk\identity-spi\2.29.39\identity-spi-2.29.39.jar;C:\Users\moaaz\.m2\repository\software\amazon\awssdk\http-auth-spi\2.29.39\http-auth-spi-2.29.39.jar;C:\Users\moaaz\.m2\repository\software\amazon\awssdk\http-auth-aws\2.29.39\http-auth-aws-2.29.39.jar;C:\Users\moaaz\.m2\repository\software\amazon\awssdk\checksums\2.29.39\checksums-2.29.39.jar;C:\Users\moaaz\.m2\repository\software\amazon\awssdk\checksums-spi\2.29.39\checksums-spi-2.29.39.jar;C:\Users\moaaz\.m2\repository\software\amazon\awssdk\retries-spi\2.29.39\retries-spi-2.29.39.jar;C:\Users\moaaz\.m2\repository\software\amazon\awssdk\sdk-core\2.29.39\sdk-core-2.29.39.jar;C:\Users\moaaz\.m2\repository\software\amazon\awssdk\retries\2.29.39\retries-2.29.39.jar;C:\Users\moaaz\.m2\repository\software\amazon\awssdk\auth\2.29.39\auth-2.29.39.jar;C:\Users\moaaz\.m2\repository\software\amazon\awssdk\http-auth-aws-eventstream\2.29.39\http-auth-aws-eventstream-2.29.39.jar;C:\Users\moaaz\.m2\repository\software\amazon\eventstream\eventstream\1.0.1\eventstream-1.0.1.jar;C:\Users\moaaz\.m2\repository\software\amazon\awssdk\http-client-spi\2.29.39\http-client-spi-2.29.39.jar;C:\Users\moaaz\.m2\repository\software\amazon\awssdk\regions\2.29.39\regions-2.29.39.jar;C:\Users\moaaz\.m2\repository\software\amazon\awssdk\annotations\2.29.39\annotations-2.29.39.jar;C:\Users\moaaz\.m2\repository\software\amazon\awssdk\utils\2.29.39\utils-2.29.39.jar;C:\Users\moaaz\.m2\repository\software\amazon\awssdk\aws-core\2.29.39\aws-core-2.29.39.jar;C:\Users\moaaz\.m2\repository\software\amazon\awssdk\metrics-spi\2.29.39\metrics-spi-2.29.39.jar;C:\Users\moaaz\.m2\repository\software\amazon\awssdk\json-utils\2.29.39\json-utils-2.29.39.jar;C:\Users\moaaz\.m2\repository\software\amazon\awssdk\third-party-jackson-core\2.29.39\third-party-jackson-core-2.29.39.jar;C:\Users\moaaz\.m2\repository\software\amazon\awssdk\endpoints-spi\2.29.39\endpoints-spi-2.29.39.jar;C:\Users\moaaz\.m2\repository\software\amazon\awssdk\netty-nio-client\2.29.39\netty-nio-client-2.29.39.jar;C:\Users\moaaz\.m2\repository\io\netty\netty-transport\4.1.115.Final\netty-transport-4.1.115.Final.jar;C:\Users\moaaz\.m2\repository\io\netty\netty-transport-classes-epoll\4.1.115.Final\netty-transport-classes-epoll-4.1.115.Final.jar;C:\Users\moaaz\.m2\repository\io\netty\netty-resolver\4.1.115.Final\netty-resolver-4.1.115.Final.jar;C:\Users\moaaz\.m2\repository\software\amazon\awssdk\apache-client\2.29.39\apache-client-2.29.39.jar;C:\Users\moaaz\.m2\repository\org\apache\httpcomponents\httpclient\4.5.13\httpclient-4.5.13.jar;C:\Users\moaaz\.m2\repository\commons-logging\commons-logging\1.2\commons-logging-1.2.jar;C:\Users\moaaz\.m2\repository\org\apache\httpcomponents\httpcore\4.4.16\httpcore-4.4.16.jar;C:\Users\moaaz\.m2\repository\org\slf4j\slf4j-api\2.0.5\slf4j-api-2.0.5.jar;C:\Users\moaaz\.m2\repository\org\slf4j\slf4j-reload4j\2.0.5\slf4j-reload4j-2.0.5.jar;C:\Users\moaaz\.m2\repository\ch\qos\reload4j\reload4j\1.2.22\reload4j-1.2.22.jar;"/>
    <property name="allure.results.directory" value="D:\iqra\automation\tasks\automation exercise\automationExercise\target/allure-results"/>
    <property name="sun.cpu.endian" value="little"/>
    <property name="user.home" value="C:\Users\moaaz"/>
    <property name="user.language" value="en"/>
    <property name="java.specification.vendor" value="Oracle Corporation"/>
    <property name="java.version.date" value="2025-01-21"/>
    <property name="java.home" value="C:\Program Files\Java\jdk-21"/>
    <property name="file.separator" value="\"/>
    <property name="basedir" value="D:\iqra\automation\tasks\automation exercise\automationExercise"/>
    <property name="java.vm.compressedOopsMode" value="Zero based"/>
    <property name="line.separator" value="&#10;"/>
    <property name="java.vm.specification.vendor" value="Oracle Corporation"/>
    <property name="java.specification.name" value="Java Platform API Specification"/>
    <property name="surefire.real.class.path" value="C:\Users\moaaz\AppData\Local\Temp\surefire3810803121035906277\surefirebooter9095717181770661148.jar"/>
    <property name="user.script" value=""/>
    <property name="sun.management.compiler" value="HotSpot 64-Bit Tiered Compilers"/>
    <property name="java.runtime.version" value="21.0.6+8-LTS-188"/>
    <property name="user.name" value="moaaz"/>
    <property name="stdout.encoding" value="Cp1252"/>
    <property name="path.separator" value=";"/>
    <property name="os.version" value="10.0"/>
    <property name="java.runtime.name" value="Java(TM) SE Runtime Environment"/>
    <property name="file.encoding" value="UTF-8"/>
    <property name="java.vm.name" value="Java HotSpot(TM) 64-Bit Server VM"/>
    <property name="localRepository" value="C:\Users\moaaz\.m2\repository"/>
    <property name="java.vendor.url.bug" value="https://bugreport.java.com/bugreport/"/>
    <property name="java.io.tmpdir" value="C:\Users\moaaz\AppData\Local\Temp\"/>
    <property name="idea.version" value="2024.3.2.1"/>
    <property name="java.version" value="21.0.6"/>
    <property name="user.dir" value="D:\iqra\automation\tasks\automation exercise\automationExercise"/>
    <property name="os.arch" value="amd64"/>
    <property name="java.vm.specification.name" value="Java Virtual Machine Specification"/>
    <property name="sun.os.patch.level" value=""/>
    <property name="native.encoding" value="Cp1252"/>
    <property name="java.library.path" value="C:\Program Files\Java\jdk-21\bin;C:\Windows\Sun\Java\bin;C:\Windows\system32;C:\Windows;C:\Program Files\Common Files\Oracle\Java\javapath;C:\Windows\system32;C:\Windows;C:\Windows\System32\Wbem;C:\Windows\System32\WindowsPowerShell\v1.0\;C:\Windows\System32\OpenSSH\;C:\Program Files (x86)\NVIDIA Corporation\PhysX\Common;C:\Program Files\NVIDIA Corporation\NVIDIA NvDLISR;C:\Program Files\dotnet\;C:\Program Files\nodejs\;C:\Program Files\Git\cmd;C:\allure-2.30.0\bin;C:\iqra\automation\programs\apache-maven-3.9.9;C:\iqra\automation\programs\apache-maven-3.9.9\bin;C:\Users\moaaz\AppData\Local\Microsoft\WindowsApps;;C:\Program Files\JetBrains\IntelliJ IDEA Community Edition 2024.3.2.1\bin;;C:\Users\moaaz\AppData\Local\Programs\Microsoft VS Code\bin;C:\Users\moaaz\AppData\Roaming\npm;."/>
    <property name="java.vm.info" value="mixed mode, sharing"/>
    <property name="stderr.encoding" value="Cp1252"/>
    <property name="java.vendor" value="Oracle Corporation"/>
    <property name="java.vm.version" value="21.0.6+8-LTS-188"/>
    <property name="sun.io.unicode.encoding" value="UnicodeLittle"/>
    <property name="java.class.version" value="65.0"/>
  </properties>
  <testcase name="verifyHomePageAndClickSignUpOrLogin_P" classname="testcases.TC01_HomePage" time="2.813">
    <system-err><![CDATA[log4j:WARN No appenders could be found for logger (org.testng.TestNG).
log4j:WARN Please initialize the log4j system properly.
log4j:WARN See http://logging.apache.org/log4j/1.2/faq.html#noconfig for more info.
May 25, 2025 3:50:35 PM org.openqa.selenium.devtools.CdpVersionFinder findNearestMatch
WARNING: Unable to find CDP implementation matching 136
May 25, 2025 3:50:35 PM org.openqa.selenium.chromium.ChromiumDriver lambda$new$5
WARNING: Unable to find version of CDP to use for 136.0.7103.114. You may need to include a dependency on a specific version of the CDP using something similar to `org.seleniumhq.selenium:selenium-devtools-v86:4.27.0` where the version ("v86") matches the version of the chromium-based browser you're using and the version number of the artifact is the same as Selenium's.
]]></system-err>
  </testcase>
  <testcase name="verifySignupPageVisable" classname="testcases.TC02_SignUpOrLoginPage" time="0.034"/>
  <testcase name="isNewUserSignUpTextDisplayed_P" classname="testcases.TC02_SignUpOrLoginPage" time="1.442"/>
  <testcase name="verifyAccountInformationSectionVisible" classname="testcases.TC03_RegisterAccountInformationPage" time="0.193"/>
  <testcase name="fillAndSubmitRegistrationForm" classname="testcases.TC03_RegisterAccountInformationPage" time="4.451"/>
  <testcase name="verifyAccountCreatedAndClickContinue" classname="testcases.TC04_AccountCreatedPage" time="2.875"/>
  <testcase name="verifyAccountDeletedAndClickContinue" classname="testcases.TC05_DeleteAccountPage" time="0.196"/>
</testsuite>