<?xml version="1.0" encoding="UTF-8"?>
<!-- Generated by org.testng.reporters.JUnitReportReporter -->
<testsuite hostname="MSI" failures="0" tests="1" name="testcases.TC01_HomePage" time="2.774" errors="0" timestamp="2025-05-25T15:50:48 EEST" skipped="0">
  <testcase classname="testcases.TC01_HomePage" name="verifyHomePageAndClickSignUpOrLogin_P" time="2.774"/>
</testsuite> <!-- testcases.TC01_HomePage -->
