<?xml version="1.0" encoding="UTF-8"?>
<!-- Generated by org.testng.reporters.JUnitReportReporter -->
<testsuite hostname="MSI" failures="0" tests="2" name="testcases.TC03_RegisterAccountInformationPage" time="4.642" errors="0" timestamp="2025-05-25T15:50:48 EEST" skipped="0">
  <testcase classname="testcases.TC03_RegisterAccountInformationPage" name="verifyAccountInformationSectionVisible" time="0.193"/>
  <testcase classname="testcases.TC03_RegisterAccountInformationPage" name="fillAndSubmitRegistrationForm" time="4.449"/>
</testsuite> <!-- testcases.TC03_RegisterAccountInformationPage -->
