<?xml version="1.0" encoding="UTF-8"?>
<!-- Generated by org.testng.reporters.JUnitReportReporter -->
<testsuite hostname="MSI" failures="0" tests="2" name="testcases.TC02_SignUpOrLoginPage" time="1.466" errors="0" timestamp="2025-05-25T15:50:48 EEST" skipped="0">
  <testcase classname="testcases.TC02_SignUpOrLoginPage" name="verifySignupPageVisable" time="0.030"/>
  <testcase classname="testcases.TC02_SignUpOrLoginPage" name="isNewUserSignUpTextDisplayed_P" time="1.436"/>
</testsuite> <!-- testcases.TC02_SignUpOrLoginPage -->
