<?xml version="1.0" encoding="UTF-8"?>
<!-- Generated by org.testng.reporters.JUnitReportReporter -->
<testsuite hostname="MSI" failures="0" tests="1" name="testcases.TC04_AccountCreatedPage" time="2.873" errors="0" timestamp="2025-05-25T15:50:48 EEST" skipped="0">
  <testcase classname="testcases.TC04_AccountCreatedPage" name="verifyAccountCreatedAndClickContinue" time="2.873"/>
</testsuite> <!-- testcases.TC04_AccountCreatedPage -->
